<?xml version="1.0" encoding="UTF-8"?>
<!-- Generated by org.testng.reporters.JUnitXMLReporter -->
<testsuite ignored="1" hostname="ISMAIL" failures="0" tests="1" name="Default test" time="17.896" errors="0" timestamp="2021-09-28T21:26:36 IST">
  <testcase classname="com.nestadmin.test.HomePageTest" name="verifyNestLogin" time="10.374"/>
  <testcase classname="com.nestadmin.test.HomePageTest" name="verifyTitle" time="0.0">
    <ignored/>
  </testcase> <!-- verifyTitle -->
</testsuite> <!-- Default test -->
