<?xml version="1.0" encoding="UTF-8"?>
<!-- Generated by org.testng.reporters.JUnitXMLReporter -->
<testsuite ignored="0" hostname="ISMAIL" failures="0" tests="3" name="Default test" time="15.436" errors="0" timestamp="2021-09-20T00:56:48 IST">
  <testcase classname="com.nestadmin.test.HomePageTest" name="verifyNestLogin" time="1.116"/>
  <testcase classname="com.nestadmin.test.HomePageTest" name="verifyNestLogin" time="1.55"/>
  <testcase classname="com.nestadmin.test.HomePageTest" name="verifyTitle" time="0.004"/>
</testsuite> <!-- Default test -->
