<?xml version="1.0" encoding="UTF-8"?>
<!-- Generated by org.testng.reporters.JUnitXMLReporter -->
<testsuite ignored="1" hostname="ISMAIL" failures="0" tests="2" name="Default test1" time="10.696" errors="0" timestamp="2021-09-18T02:10:28 IST">
  <testcase classname="com.nestadmin.NestExtentReportsClass" name="verifyNestLogin" time="3.355"/>
  <testcase classname="com.nestadmin.NestExtentReportsClass" name="verifyTitle" time="0.007"/>
  <testcase classname="com.nestadmin.NestExtentReportsClass" name="verifyLogo" time="0.0">
    <ignored/>
  </testcase> <!-- verifyLogo -->
</testsuite> <!-- Default test1 -->
