<?xml version="1.0" encoding="UTF-8"?>
<!-- Generated by org.testng.reporters.JUnitXMLReporter -->
<testsuite ignored="1" hostname="ISMAIL" failures="0" tests="4" name="Default test" time="24.993" errors="0" timestamp="2021-09-17T21:43:02 IST">
  <testcase classname="test.FirstAutoSel" name="FirstAutoSel" time="5.023"/>
  <testcase classname="test.FirstAutoSel" name="FirstAutoSel1" time="4.814"/>
  <testcase classname="test.NestExtentReportsClass" name="verifyNestLogin" time="3.003"/>
  <testcase classname="test.NestExtentReportsClass" name="verifyTitle" time="0.008"/>
  <testcase classname="test.NestExtentReportsClass" name="verifyLogo" time="0.0">
    <ignored/>
  </testcase> <!-- verifyLogo -->
</testsuite> <!-- Default test -->
