<?xml version="1.0" encoding="UTF-8"?>
<!-- Generated by org.testng.reporters.JUnitXMLReporter -->
<testsuite ignored="1" hostname="ISMAIL" failures="0" tests="2" name="Command line test" time="15.994" errors="0" timestamp="2021-09-18T11:06:13 IST">
  <testcase classname="com.nestadmin.NestExtentReportsClass" name="verifyNestLogin" time="3.225"/>
  <testcase classname="com.nestadmin.NestExtentReportsClass" name="verifyTitle" time="0.006"/>
  <testcase classname="com.nestadmin.NestExtentReportsClass" name="verifyLogo" time="0.0">
    <ignored/>
  </testcase> <!-- verifyLogo -->
</testsuite> <!-- Command line test -->
