<?xml version="1.0" encoding="UTF-8"?>
<testng-results ignored="0" total="2" passed="2" failed="0" skipped="0">
  <reporter-output>
  </reporter-output>
  <suite started-at="2021-09-18T00:53:31 IST" name="Default suite" finished-at="2021-09-18T00:53:41 IST" duration-ms="9791">
    <groups>
    </groups>
    <test started-at="2021-09-18T00:53:31 IST" name="Default test" finished-at="2021-09-18T00:53:41 IST" duration-ms="9791">
      <class name="com.nest_adm.FirstAutoSel">
        <test-method signature="FirstAutoSel()[pri:0, instance:com.nest_adm.FirstAutoSel@25641d39]" started-at="2021-09-18T00:53:31 IST" name="FirstAutoSel" finished-at="2021-09-18T00:53:37 IST" duration-ms="5791" status="PASS">
          <reporter-output>
          </reporter-output>
        </test-method> <!-- FirstAutoSel -->
        <test-method signature="FirstAutoSel1()[pri:0, instance:com.nest_adm.FirstAutoSel@25641d39]" started-at="2021-09-18T00:53:37 IST" name="FirstAutoSel1" description="parallel" finished-at="2021-09-18T00:53:41 IST" duration-ms="3909" status="PASS">
          <reporter-output>
          </reporter-output>
        </test-method> <!-- FirstAutoSel1 -->
        <test-method is-config="true" signature="closequit()[pri:0, instance:com.nest_adm.FirstAutoSel@25641d39]" started-at="2021-09-18T00:53:41 IST" name="closequit" finished-at="2021-09-18T00:53:41 IST" duration-ms="59" status="PASS">
          <reporter-output>
          </reporter-output>
        </test-method> <!-- closequit -->
      </class> <!-- com.nest_adm.FirstAutoSel -->
    </test> <!-- Default test -->
  </suite> <!-- Default suite -->
</testng-results>
