<?xml version="1.0" encoding="UTF-8"?>
<testng-results ignored="1" total="5" passed="4" failed="0" skipped="0">
  <reporter-output>
    <line>
      <![CDATA[ExtentReports Set up completed]]>
    </line>
  </reporter-output>
  <suite started-at="2021-09-18T02:10:08 IST" name="Suite" finished-at="2021-09-18T02:10:28 IST" duration-ms="19632">
    <groups>
    </groups>
    <test started-at="2021-09-18T02:10:08 IST" name="Default test" finished-at="2021-09-18T02:10:17 IST" duration-ms="8925">
      <class name="com.nestadmin.FirstAutoSel">
        <test-method signature="FirstAutoSel()[pri:0, instance:com.nestadmin.FirstAutoSel@5b1669c0]" started-at="2021-09-18T02:10:08 IST" name="FirstAutoSel" finished-at="2021-09-18T02:10:13 IST" duration-ms="4886" status="PASS">
          <reporter-output>
          </reporter-output>
        </test-method> <!-- FirstAutoSel -->
        <test-method signature="FirstAutoSel1()[pri:0, instance:com.nestadmin.FirstAutoSel@5b1669c0]" started-at="2021-09-18T02:10:13 IST" name="FirstAutoSel1" description="parallel" finished-at="2021-09-18T02:10:17 IST" duration-ms="3908" status="PASS">
          <reporter-output>
          </reporter-output>
        </test-method> <!-- FirstAutoSel1 -->
        <test-method is-config="true" signature="closequit()[pri:0, instance:com.nestadmin.FirstAutoSel@5b1669c0]" started-at="2021-09-18T02:10:17 IST" name="closequit" finished-at="2021-09-18T02:10:17 IST" duration-ms="104" status="PASS">
          <reporter-output>
          </reporter-output>
        </test-method> <!-- closequit -->
      </class> <!-- com.nestadmin.FirstAutoSel -->
    </test> <!-- Default test -->
    <test started-at="2021-09-18T02:10:17 IST" name="Default test1" finished-at="2021-09-18T02:10:28 IST" duration-ms="10696">
      <class name="com.nestadmin.NestExtentReportsClass">
        <test-method is-config="true" signature="startReport()[pri:0, instance:com.nestadmin.NestExtentReportsClass@7ce69770]" started-at="2021-09-18T02:10:17 IST" name="startReport" finished-at="2021-09-18T02:10:17 IST" duration-ms="146" status="PASS">
          <reporter-output>
            <line>
              <![CDATA[ExtentReports Set up completed]]>
            </line>
          </reporter-output>
        </test-method> <!-- startReport -->
        <test-method is-config="true" signature="setup()[pri:0, instance:com.nestadmin.NestExtentReportsClass@7ce69770]" started-at="2021-09-18T02:10:17 IST" name="setup" finished-at="2021-09-18T02:10:21 IST" duration-ms="3381" status="PASS">
          <reporter-output>
          </reporter-output>
        </test-method> <!-- setup -->
        <test-method signature="verifyNestLogin()[pri:0, instance:com.nestadmin.NestExtentReportsClass@7ce69770]" started-at="2021-09-18T02:10:21 IST" name="verifyNestLogin" finished-at="2021-09-18T02:10:24 IST" duration-ms="3355" status="PASS">
          <reporter-output>
          </reporter-output>
        </test-method> <!-- verifyNestLogin -->
        <test-method is-config="true" signature="getResult(org.testng.ITestResult)[pri:0, instance:com.nestadmin.NestExtentReportsClass@7ce69770]" started-at="2021-09-18T02:10:24 IST" name="getResult" finished-at="2021-09-18T02:10:24 IST" duration-ms="94" status="PASS">
          <params>
            <param index="0">
              <value>
                <![CDATA[[TestResult name=verifyNestLogin status=SUCCESS method=NestExtentReportsClass.verifyNestLogin()[pri:0, instance:com.nestadmin.NestExtentReportsClass@7ce69770] output={null}]]]>
              </value>
            </param>
          </params>
          <reporter-output>
          </reporter-output>
        </test-method> <!-- getResult -->
        <test-method is-config="true" signature="setup()[pri:0, instance:com.nestadmin.NestExtentReportsClass@7ce69770]" started-at="2021-09-18T02:10:24 IST" name="setup" finished-at="2021-09-18T02:10:28 IST" duration-ms="3365" status="PASS">
          <reporter-output>
          </reporter-output>
        </test-method> <!-- setup -->
        <test-method signature="verifyTitle()[pri:0, instance:com.nestadmin.NestExtentReportsClass@7ce69770]" started-at="2021-09-18T02:10:28 IST" name="verifyTitle" finished-at="2021-09-18T02:10:28 IST" duration-ms="7" status="PASS">
          <reporter-output>
          </reporter-output>
        </test-method> <!-- verifyTitle -->
        <test-method is-config="true" signature="getResult(org.testng.ITestResult)[pri:0, instance:com.nestadmin.NestExtentReportsClass@7ce69770]" started-at="2021-09-18T02:10:28 IST" name="getResult" finished-at="2021-09-18T02:10:28 IST" duration-ms="96" status="PASS">
          <params>
            <param index="0">
              <value>
                <![CDATA[[TestResult name=verifyTitle status=SUCCESS method=NestExtentReportsClass.verifyTitle()[pri:0, instance:com.nestadmin.NestExtentReportsClass@7ce69770] output={null}]]]>
              </value>
            </param>
          </params>
          <reporter-output>
          </reporter-output>
        </test-method> <!-- getResult -->
        <test-method is-config="true" signature="endReport()[pri:0, instance:com.nestadmin.NestExtentReportsClass@7ce69770]" started-at="2021-09-18T02:10:28 IST" name="endReport" finished-at="2021-09-18T02:10:28 IST" duration-ms="250" status="PASS">
          <reporter-output>
          </reporter-output>
        </test-method> <!-- endReport -->
      </class> <!-- com.nestadmin.NestExtentReportsClass -->
    </test> <!-- Default test1 -->
  </suite> <!-- Suite -->
</testng-results>
